<?xml version="1.0" encoding="UTF-8"?>
<testsuite xmlns:xsi="http://www.w3.org/2001/XMLSchema-instance" xsi:noNamespaceSchemaLocation="https://maven.apache.org/surefire/maven-surefire-plugin/xsd/surefire-test-report.xsd" version="3.0.2" name="com.paynestsystem.orchestration.PaymentOrchestratorTest" time="0.107" tests="11" errors="0" skipped="0" failures="0">
  <properties>
[...]
</properties>
  <testcase name="routePayment_handlesNoProviderGracefully" classname="com.paynestsystem.orchestration.PaymentOrchestratorTest" time="0.041">
    <system-out><![CDATA[Routing payment: R1000.00 via EFT from Asia-Pacific
No available provider for EFT in Asia-Pacific for amount R1000.00
]]></system-out>
  </testcase>
  <testcase name="selectProvider_filtersAmountOutOfRange" classname="com.paynestsystem.orchestration.PaymentOrchestratorTest" time="0.003"/>
  <testcase name="registerProvider_addsProviderToList" classname="com.paynestsystem.orchestration.PaymentOrchestratorTest" time="0.002"/>
  <testcase name="selectProvider_routesEftToLowestLatencyProvider" classname="com.paynestsystem.orchestration.PaymentOrchestratorTest" time="0.002"/>
  <testcase name="selectProvider_routesHighValueCardPaymentToStripe" classname="com.paynestsystem.orchestration.PaymentOrchestratorTest" time="0.003"/>
  <testcase name="selectProvider_filtersUnavailableProviders" classname="com.paynestsystem.orchestration.PaymentOrchestratorTest" time="0.002"/>
  <testcase name="selectProvider_filtersByRegion" classname="com.paynestsystem.orchestration.PaymentOrchestratorTest" time="0.004"/>
  <testcase name="selectProvider_routesStandardCardPaymentToPayFast" classname="com.paynestsystem.orchestration.PaymentOrchestratorTest" time="0.002"/>
  <testcase name="selectProvider_respectsMinAmountThreshold" classname="com.paynestsystem.orchestration.PaymentOrchestratorTest" time="0.001"/>
  <testcase name="routePayment_processesSuccessfully" classname="com.paynestsystem.orchestration.PaymentOrchestratorTest" time="0.009">
    <system-out><![CDATA[Routing payment: R5000.00 via CARD from South Africa
Selected provider: PayFast (latency: 120ms)
Fee: R150.00 (2.9% + R5.00 flat)
Total charge: R5150.00
Payment processed successfully via PayFast
]]></system-out>
  </testcase>
  <testcase name="selectProvider_returnsNull_whenNoProviderAvailable" classname="com.paynestsystem.orchestration.PaymentOrchestratorTest" time="0.002"/>
</testsuite>